
Collecting usage statistics. To deactivate, set browser.gatherUsageStats to false.

2025-12-22 18:01:33.549 Did not auto detect external IP.
Please go to https://docs.streamlit.io/ for debugging hints.

  You can now view your Streamlit app in your browser.

  Local URL: http://localhost:8501
  Network URL: http://10.1.0.47:8501

2025-12-22 18:02:07.570 Please replace `use_container_width` with `width`.

`use_container_width` will be removed after 2025-12-31.

For `use_container_width=True`, use `width='stretch'`. For `use_container_width=False`, use `width='content'`.
2025-12-22 18:02:07.581 Please replace `use_container_width` with `width`.

`use_container_width` will be removed after 2025-12-31.

For `use_container_width=True`, use `width='stretch'`. For `use_container_width=False`, use `width='content'`.
2025-12-22 18:02:43.314 Please replace `use_container_width` with `width`.

`use_container_width` will be removed after 2025-12-31.

For `use_container_width=True`, use `width='stretch'`. For `use_container_width=False`, use `width='content'`.
/home/runner/work/Application-FCP/Application-FCP/pages/1_Valeurs_Liquidatives.py:1390: FutureWarning:

Styler.applymap has been deprecated. Use Styler.map instead.

2025-12-22 18:02:43.367 Please replace `use_container_width` with `width`.

`use_container_width` will be removed after 2025-12-31.

For `use_container_width=True`, use `width='stretch'`. For `use_container_width=False`, use `width='content'`.
/home/runner/work/Application-FCP/Application-FCP/pages/1_Valeurs_Liquidatives.py:1436: FutureWarning:

Styler.applymap has been deprecated. Use Styler.map instead.

2025-12-22 18:02:43.481 Please replace `use_container_width` with `width`.

`use_container_width` will be removed after 2025-12-31.

For `use_container_width=True`, use `width='stretch'`. For `use_container_width=False`, use `width='content'`.
/home/runner/work/Application-FCP/Application-FCP/pages/1_Valeurs_Liquidatives.py:1461: FutureWarning:

Styler.applymap has been deprecated. Use Styler.map instead.

2025-12-22 18:02:43.547 Please replace `use_container_width` with `width`.

`use_container_width` will be removed after 2025-12-31.

For `use_container_width=True`, use `width='stretch'`. For `use_container_width=False`, use `width='content'`.
2025-12-22 18:02:43.639 Please replace `use_container_width` with `width`.

`use_container_width` will be removed after 2025-12-31.

For `use_container_width=True`, use `width='stretch'`. For `use_container_width=False`, use `width='content'`.
2025-12-22 18:02:43.706 Please replace `use_container_width` with `width`.

`use_container_width` will be removed after 2025-12-31.

For `use_container_width=True`, use `width='stretch'`. For `use_container_width=False`, use `width='content'`.
2025-12-22 18:02:43.749 Please replace `use_container_width` with `width`.

`use_container_width` will be removed after 2025-12-31.

For `use_container_width=True`, use `width='stretch'`. For `use_container_width=False`, use `width='content'`.
2025-12-22 18:02:43.805 Please replace `use_container_width` with `width`.

`use_container_width` will be removed after 2025-12-31.

For `use_container_width=True`, use `width='stretch'`. For `use_container_width=False`, use `width='content'`.
[31mâ”€â”€[0m[31mâ”€â”€â”€â”€â”€â”€â”€â”€â”€â”€â”€â”€â”€â”€â”€â”€â”€â”€â”€â”€â”€â”€â”€â”€[0m[31m [0m[1;31mTraceback [0m[1;2;31m(most recent call last)[0m[31m [0m[31mâ”€â”€â”€â”€â”€â”€â”€â”€â”€â”€â”€â”€â”€â”€â”€â”€â”€â”€â”€â”€â”€â”€â”€â”€â”€[0m[31mâ”€â”€[0m
[31m [0m [2;33m/home/runner/.local/lib/python3.12/site-packages/streamlit/runtime/scriptrunner/[0m[1;33mexec[0m [31m [0m
[31m [0m [1;33m_code.py[0m:[94m129[0m in [92mexec_func_with_error_handling[0m                                        [31m [0m
[31m [0m                                                                                      [31m [0m
[31m [0m [2;33m/home/runner/.local/lib/python3.12/site-packages/streamlit/runtime/scriptrunner/[0m[1;33mscri[0m [31m [0m
[31m [0m [1;33mpt_runner.py[0m:[94m669[0m in [92mcode_to_exec[0m                                                     [31m [0m
[31m [0m                                                                                      [31m [0m
[31m [0m [2;33m/home/runner/.local/lib/python3.12/site-packages/streamlit/runtime/scriptrunner/[0m[1;33mscri[0m [31m [0m
[31m [0m [1;33mpt_runner.py[0m:[94m165[0m in [92m_mpa_v1[0m                                                          [31m [0m
[31m [0m                                                                                      [31m [0m
[31m [0m [2;33m/home/runner/.local/lib/python3.12/site-packages/streamlit/navigation/[0m[1;33mpage.py[0m:[94m310[0m in [31m [0m
[31m [0m [92mrun[0m                                                                                  [31m [0m
[31m [0m                                                                                      [31m [0m
[31m [0m [2;33m/home/runner/work/Application-FCP/Application-FCP/pages/[0m[1;33m1_Valeurs_Liquidatives.py[0m:[94m27[0m [31m [0m
[31m [0m [94m15[0m in [92m<module>[0m                                                                       [31m [0m
[31m [0m                                                                                      [31m [0m
[31m [0m   [2m2712 [0m                                                                              [31m [0m
[31m [0m   [2m2713 [0m                                                                              [31m [0m
[31m [0m   [2m2714 [0m[94mif[0m [91m__name__[0m == [33m"[0m[33m__main__[0m[33m"[0m:                                                    [31m [0m
[31m [0m [31mâ± [0m2715 [2mâ”‚   [0mmain()                                                                    [31m [0m
[31m [0m   [2m2716 [0m                                                                              [31m [0m
[31m [0m                                                                                      [31m [0m
[31m [0m [2;33m/home/runner/work/Application-FCP/Application-FCP/pages/[0m[1;33m1_Valeurs_Liquidatives.py[0m:[94m16[0m [31m [0m
[31m [0m [94m43[0m in [92mmain[0m                                                                           [31m [0m
[31m [0m                                                                                      [31m [0m
[31m [0m   [2m1640 [0m[2mâ”‚   â”‚   â”‚   [0mvmin=-stats_df[[33m'[0m[33mRendement Moyen ([0m[33m%[0m[33m)[0m[33m'[0m].abs().max(),                [31m [0m
[31m [0m   [2m1641 [0m[2mâ”‚   â”‚   â”‚   [0mvmax=stats_df[[33m'[0m[33mRendement Moyen ([0m[33m%[0m[33m)[0m[33m'[0m].abs().max()                  [31m [0m
[31m [0m   [2m1642 [0m[2mâ”‚   â”‚   [0m)                                                                     [31m [0m
[31m [0m [31mâ± [0m1643 [2mâ”‚   â”‚   [0mst.dataframe(styled_stats, use_container_width=[94mTrue[0m)                  [31m [0m
[31m [0m   [2m1644 [0m[2mâ”‚   â”‚   [0m                                                                      [31m [0m
[31m [0m   [2m1645 [0m[2mâ”‚   â”‚   [0m[2m# Quartile analysis[0m                                                   [31m [0m
[31m [0m   [2m1646 [0m[2mâ”‚   â”‚   [0mst.markdown([33m"[0m[33m##### Analyse par Quartiles[0m[33m"[0m)                            [31m [0m
[31m [0m                                                                                      [31m [0m
[31m [0m [2;33m/home/runner/.local/lib/python3.12/site-packages/streamlit/runtime/[0m[1;33mmetrics_util.py[0m:[94m5[0m [31m [0m
[31m [0m [94m31[0m in [92mwrapped_func[0m                                                                   [31m [0m
[31m [0m                                                                                      [31m [0m
[31m [0m [2;33m/home/runner/.local/lib/python3.12/site-packages/streamlit/elements/[0m[1;33marrow.py[0m:[94m728[0m in  [31m [0m
[31m [0m [92mdataframe[0m                                                                            [31m [0m
[31m [0m                                                                                      [31m [0m
[31m [0m [2;33m/home/runner/.local/lib/python3.12/site-packages/streamlit/elements/lib/[0m[1;33mpandas_style[0m [31m [0m
[31m [0m [1;33mr_utils.py[0m:[94m65[0m in [92mmarshall_styler[0m                                                     [31m [0m
[31m [0m                                                                                      [31m [0m
[31m [0m [2;33m/home/runner/.local/lib/python3.12/site-packages/pandas/io/formats/[0m[1;33mstyle_render.py[0m:[94m2[0m [31m [0m
[31m [0m [94m56[0m in [92m_compute[0m                                                                       [31m [0m
[31m [0m                                                                                      [31m [0m
[31m [0m   [2m 253 [0m[2mâ”‚   â”‚   [0m[96mself[0m.ctx_columns.clear()                                              [31m [0m
[31m [0m   [2m 254 [0m[2mâ”‚   â”‚   [0mr = [96mself[0m                                                              [31m [0m
[31m [0m   [2m 255 [0m[2mâ”‚   â”‚   [0m[94mfor[0m func, args, kwargs [95min[0m [96mself[0m._todo:                                 [31m [0m
[31m [0m [31mâ± [0m 256 [2mâ”‚   â”‚   â”‚   [0mr = func([96mself[0m)(*args, **kwargs)                                   [31m [0m
[31m [0m   [2m 257 [0m[2mâ”‚   â”‚   [0m[94mreturn[0m r                                                              [31m [0m
[31m [0m   [2m 258 [0m[2mâ”‚   [0m                                                                          [31m [0m
[31m [0m   [2m 259 [0m[2mâ”‚   [0m[94mdef[0m [92m_translate[0m(                                                           [31m [0m
[31m [0m                                                                                      [31m [0m
[31m [0m [2;33m/home/runner/.local/lib/python3.12/site-packages/pandas/io/formats/[0m[1;33mstyle.py[0m:[94m1726[0m in  [31m [0m
[31m [0m [92m_apply[0m                                                                               [31m [0m
[31m [0m                                                                                      [31m [0m
[31m [0m   [2m1723 [0m[2mâ”‚   â”‚   [0m[94melse[0m:                                                                 [31m [0m
[31m [0m   [2m1724 [0m[2mâ”‚   â”‚   â”‚   [0maxis = [96mself[0m.data._get_axis_number(axis)                           [31m [0m
[31m [0m   [2m1725 [0m[2mâ”‚   â”‚   â”‚   [0m[94mif[0m axis == [94m0[0m:                                                     [31m [0m
[31m [0m [31mâ± [0m1726 [2mâ”‚   â”‚   â”‚   â”‚   [0mresult = data.apply(func, axis=[94m0[0m, **kwargs)                   [31m [0m
[31m [0m   [2m1727 [0m[2mâ”‚   â”‚   â”‚   [0m[94melse[0m:                                                             [31m [0m
[31m [0m   [2m1728 [0m[2mâ”‚   â”‚   â”‚   â”‚   [0mresult = data.T.apply(func, axis=[94m0[0m, **kwargs).T  [2m# see GH 420[0m [31m [0m
[31m [0m   [2m1729 [0m                                                                              [31m [0m
[31m [0m                                                                                      [31m [0m
[31m [0m [2;33m/home/runner/.local/lib/python3.12/site-packages/pandas/core/[0m[1;33mframe.py[0m:[94m10401[0m in [92mapply[0m [31m [0m
[31m [0m                                                                                      [31m [0m
[31m [0m   [2m10398 [0m[2mâ”‚   â”‚   â”‚   [0margs=args,                                                       [31m [0m
[31m [0m   [2m10399 [0m[2mâ”‚   â”‚   â”‚   [0mkwargs=kwargs,                                                   [31m [0m
[31m [0m   [2m10400 [0m[2mâ”‚   â”‚   [0m)                                                                    [31m [0m
[31m [0m [31mâ± [0m10401 [2mâ”‚   â”‚   [0m[94mreturn[0m op.apply().__finalize__([96mself[0m, method=[33m"[0m[33mapply[0m[33m"[0m)                 [31m [0m
[31m [0m   [2m10402 [0m[2mâ”‚   [0m                                                                         [31m [0m
[31m [0m   [2m10403 [0m[2mâ”‚   [0m[94mdef[0m [92mmap[0m(                                                                 [31m [0m
[31m [0m   [2m10404 [0m[2mâ”‚   â”‚   [0m[96mself[0m, func: PythonFuncType, na_action: [96mstr[0m | [94mNone[0m = [94mNone[0m, **kwargs   [31m [0m
[31m [0m                                                                                      [31m [0m
[31m [0m [2;33m/home/runner/.local/lib/python3.12/site-packages/pandas/core/[0m[1;33mapply.py[0m:[94m916[0m in [92mapply[0m   [31m [0m
[31m [0m                                                                                      [31m [0m
[31m [0m   [2m 913 [0m[2mâ”‚   â”‚   [0m[94melif[0m [96mself[0m.raw:                                                        [31m [0m
[31m [0m   [2m 914 [0m[2mâ”‚   â”‚   â”‚   [0m[94mreturn[0m [96mself[0m.apply_raw(engine=[96mself[0m.engine, engine_kwargs=[96mself[0m.engi [31m [0m
[31m [0m   [2m 915 [0m[2mâ”‚   â”‚   [0m                                                                      [31m [0m
[31m [0m [31mâ± [0m 916 [2mâ”‚   â”‚   [0m[94mreturn[0m [96mself[0m.apply_standard()                                          [31m [0m
[31m [0m   [2m 917 [0m[2mâ”‚   [0m                                                                          [31m [0m
[31m [0m   [2m 918 [0m[2mâ”‚   [0m[94mdef[0m [92magg[0m([96mself[0m):                                                            [31m [0m
[31m [0m   [2m 919 [0m[2mâ”‚   â”‚   [0mobj = [96mself[0m.obj                                                        [31m [0m
[31m [0m                                                                                      [31m [0m
[31m [0m [2;33m/home/runner/.local/lib/python3.12/site-packages/pandas/core/[0m[1;33mapply.py[0m:[94m1063[0m in        [31m [0m
[31m [0m [92mapply_standard[0m                                                                       [31m [0m
[31m [0m                                                                                      [31m [0m
[31m [0m   [2m1060 [0m[2mâ”‚   [0m                                                                          [31m [0m
[31m [0m   [2m1061 [0m[2mâ”‚   [0m[94mdef[0m [92mapply_standard[0m([96mself[0m):                                                 [31m [0m
[31m [0m   [2m1062 [0m[2mâ”‚   â”‚   [0m[94mif[0m [96mself[0m.engine == [33m"[0m[33mpython[0m[33m"[0m:                                           [31m [0m
[31m [0m [31mâ± [0m1063 [2mâ”‚   â”‚   â”‚   [0mresults, res_index = [96mself[0m.apply_series_generator()                [31m [0m
[31m [0m   [2m1064 [0m[2mâ”‚   â”‚   [0m[94melse[0m:                                                                 [31m [0m
[31m [0m   [2m1065 [0m[2mâ”‚   â”‚   â”‚   [0mresults, res_index = [96mself[0m.apply_series_numba()                    [31m [0m
[31m [0m   [2m1066 [0m                                                                              [31m [0m
[31m [0m                                                                                      [31m [0m
[31m [0m [2;33m/home/runner/.local/lib/python3.12/site-packages/pandas/core/[0m[1;33mapply.py[0m:[94m1081[0m in        [31m [0m
[31m [0m [92mapply_series_generator[0m                                                               [31m [0m
[31m [0m                                                                                      [31m [0m
[31m [0m   [2m1078 [0m[2mâ”‚   â”‚   [0m[94mwith[0m option_context([33m"[0m[33mmode.chained_assignment[0m[33m"[0m, [94mNone[0m):                 [31m [0m
[31m [0m   [2m1079 [0m[2mâ”‚   â”‚   â”‚   [0m[94mfor[0m i, v [95min[0m [96menumerate[0m(series_gen):                                [31m [0m
[31m [0m   [2m1080 [0m[2mâ”‚   â”‚   â”‚   â”‚   [0m[2m# ignore SettingWithCopy here in case the user mutates[0m        [31m [0m
[31m [0m [31mâ± [0m1081 [2mâ”‚   â”‚   â”‚   â”‚   [0mresults[i] = [96mself[0m.func(v, *[96mself[0m.args, **[96mself[0m.kwargs)          [31m [0m
[31m [0m   [2m1082 [0m[2mâ”‚   â”‚   â”‚   â”‚   [0m[94mif[0m [96misinstance[0m(results[i], ABCSeries):                         [31m [0m
[31m [0m   [2m1083 [0m[2mâ”‚   â”‚   â”‚   â”‚   â”‚   [0m[2m# If we have a view on v, we need to make a copy because[0m  [31m [0m
[31m [0m   [2m1084 [0m[2mâ”‚   â”‚   â”‚   â”‚   â”‚   [0m[2m#  series_generator will swap out the underlying data[0m     [31m [0m
[31m [0m                                                                                      [31m [0m
[31m [0m [2;33m/home/runner/.local/lib/python3.12/site-packages/pandas/io/formats/[0m[1;33mstyle.py[0m:[94m3806[0m in  [31m [0m
[31m [0m [92m_background_gradient[0m                                                                 [31m [0m
[31m [0m                                                                                      [31m [0m
[31m [0m   [2m3803 [0m[2mâ”‚   [0m[94melse[0m:  [2m# else validate gmap against the underlying data[0m                   [31m [0m
[31m [0m   [2m3804 [0m[2mâ”‚   â”‚   [0mgmap = _validate_apply_axis_arg(gmap, [33m"[0m[33mgmap[0m[33m"[0m, [96mfloat[0m, data)            [31m [0m
[31m [0m   [2m3805 [0m[2mâ”‚   [0m                                                                          [31m [0m
[31m [0m [31mâ± [0m3806 [2mâ”‚   [0m[94mwith[0m _mpl(Styler.background_gradient) [94mas[0m (_, _matplotlib):                [31m [0m
[31m [0m   [2m3807 [0m[2mâ”‚   â”‚   [0msmin = np.nanmin(gmap) [94mif[0m vmin [95mis[0m [94mNone[0m [94melse[0m vmin                      [31m [0m
[31m [0m   [2m3808 [0m[2mâ”‚   â”‚   [0msmax = np.nanmax(gmap) [94mif[0m vmax [95mis[0m [94mNone[0m [94melse[0m vmax                      [31m [0m
[31m [0m   [2m3809 [0m[2mâ”‚   â”‚   [0mrng = smax - smin                                                     [31m [0m
[31m [0m                                                                                      [31m [0m
[31m [0m [2;33m/usr/lib/python3.12/[0m[1;33mcontextlib.py[0m:[94m137[0m in [92m__enter__[0m                                   [31m [0m
[31m [0m                                                                                      [31m [0m
[31m [0m   [2m134 [0m[2mâ”‚   â”‚   [0m[2m# they are only needed for recreation, which is not possible anymore[0m   [31m [0m
[31m [0m   [2m135 [0m[2mâ”‚   â”‚   [0m[94mdel[0m [96mself[0m.args, [96mself[0m.kwds, [96mself[0m.func                                    [31m [0m
[31m [0m   [2m136 [0m[2mâ”‚   â”‚   [0m[94mtry[0m:                                                                   [31m [0m
[31m [0m [31mâ± [0m137 [2mâ”‚   â”‚   â”‚   [0m[94mreturn[0m [96mnext[0m([96mself[0m.gen)                                              [31m [0m
[31m [0m   [2m138 [0m[2mâ”‚   â”‚   [0m[94mexcept[0m [96mStopIteration[0m:                                                  [31m [0m
[31m [0m   [2m139 [0m[2mâ”‚   â”‚   â”‚   [0m[94mraise[0m [96mRuntimeError[0m([33m"[0m[33mgenerator didn[0m[33m'[0m[33mt yield[0m[33m"[0m) [94mfrom[0m [94mNone[0m             [31m [0m
[31m [0m   [2m140 [0m                                                                               [31m [0m
[31m [0m                                                                                      [31m [0m
[31m [0m [2;33m/home/runner/.local/lib/python3.12/site-packages/pandas/io/formats/[0m[1;33mstyle.py[0m:[94m98[0m in    [31m [0m
[31m [0m [92m_mpl[0m                                                                                 [31m [0m
[31m [0m                                                                                      [31m [0m
[31m [0m   [2m  95 [0m[2mâ”‚   [0m[94mif[0m has_mpl:                                                               [31m [0m
[31m [0m   [2m  96 [0m[2mâ”‚   â”‚   [0m[94myield[0m plt, mpl                                                        [31m [0m
[31m [0m   [2m  97 [0m[2mâ”‚   [0m[94melse[0m:                                                                     [31m [0m
[31m [0m [31mâ± [0m  98 [2mâ”‚   â”‚   [0m[94mraise[0m [96mImportError[0m([33mf[0m[33m"[0m[33m{[0mfunc.[91m__name__[0m[33m}[0m[33m requires matplotlib.[0m[33m"[0m)            [31m [0m
[31m [0m   [2m  99 [0m                                                                              [31m [0m
[31m [0m   [2m 100 [0m                                                                              [31m [0m
[31m [0m   [2m 101 [0m[2m####[0m                                                                          [31m [0m
[31mâ”€â”€â”€â”€â”€â”€â”€â”€â”€â”€â”€â”€â”€â”€â”€â”€â”€â”€â”€â”€â”€â”€â”€â”€â”€â”€â”€â”€â”€â”€â”€â”€â”€â”€â”€â”€â”€â”€â”€â”€â”€â”€â”€â”€â”€â”€â”€â”€â”€â”€â”€â”€â”€â”€â”€â”€â”€â”€â”€â”€â”€â”€â”€â”€â”€â”€â”€â”€â”€â”€â”€â”€â”€â”€â”€â”€â”€â”€â”€â”€â”€â”€â”€â”€â”€â”€â”€â”€[0m
[1;91mImportError: [0mbackground_gradient requires matplotlib.
